<?xml version="1.0" encoding="UTF-8"?>
<!-- Generated by org.testng.reporters.JUnitReportReporter -->
<testsuite skipped="0" hostname="DDC5-D-608P3M4" name="TestMeApp.CountLink" tests="1" failures="0" timestamp="02 Aug 2019 04:37:18 GMT" time="20.182" errors="0">
  <testcase name="count" time="20.182" classname="TestMeApp.CountLink"/>
</testsuite> <!-- TestMeApp.CountLink -->
