<?xml version="1.0" encoding="UTF-8"?>
<!-- Generated by org.testng.reporters.JUnitReportReporter -->
<testsuite skipped="0" hostname="DDC5-D-608P3M4" name="Alert.Handlealert" tests="1" failures="0" timestamp="12 Aug 2019 09:18:55 GMT" time="29.753" errors="0">
  <testcase name="frames" time="29.753" classname="Alert.Handlealert"/>
</testsuite> <!-- Alert.Handlealert -->
