<?xml version="1.0" encoding="UTF-8"?>
<!-- Generated by org.testng.reporters.JUnitReportReporter -->
<testsuite skipped="0" hostname="DDC5-D-608P3M4" name="Reports.Excelreading" tests="1" failures="0" timestamp="05 Aug 2019 10:49:07 GMT" time="2.853" errors="0">
  <testcase name="f" time="2.853" classname="Reports.Excelreading"/>
</testsuite> <!-- Reports.Excelreading -->
