<?xml version="1.0" encoding="UTF-8"?>
<!-- Generated by org.testng.reporters.JUnitReportReporter -->
<testsuite skipped="1" hostname="DDC5-D-608P3M4" name="Sbi_retail.Sbiretail" tests="2" failures="0" timestamp="02 Aug 2019 07:19:23 GMT" time="60.236" errors="0">
  <testcase name="frames" time="60.236" classname="Sbi_retail.Sbiretail"/>
  <testcase name="f" classname="Sbi_retail.Sbiretail">
    <skipped/>
  </testcase> <!-- f -->
</testsuite> <!-- Sbi_retail.Sbiretail -->
