<?xml version="1.0" encoding="UTF-8"?>
<!-- Generated by org.testng.reporters.JUnitReportReporter -->
<testsuite skipped="1" hostname="DDC5-D-608P3M4" name="Action.Action_handle" tests="2" failures="0" timestamp="12 Aug 2019 08:39:55 GMT" time="30.314" errors="0">
  <testcase name="drgndrop" time="30.314" classname="Action.Action_handle"/>
  <testcase name="f" classname="Action.Action_handle">
    <skipped/>
  </testcase> <!-- f -->
</testsuite> <!-- Action.Action_handle -->
