<?xml version="1.0" encoding="UTF-8"?>
<!-- Generated by org.testng.reporters.JUnitReportReporter -->
<testsuite skipped="0" hostname="DDC5-D-608P3M4" name="TestMeApp.Login" tests="1" failures="0" timestamp="05 Aug 2019 11:24:03 GMT" time="40.123" errors="0">
  <testcase name="f" time="40.123" classname="TestMeApp.Login"/>
</testsuite> <!-- TestMeApp.Login -->
