<?xml version="1.0" encoding="UTF-8"?>
<!-- Generated by org.testng.reporters.JUnitReportReporter -->
<testsuite skipped="0" hostname="DDC5-D-608P3M4" name="Action.Dragndrop" tests="1" failures="0" timestamp="05 Aug 2019 04:12:59 GMT" time="68.353" errors="0">
  <testcase name="f" time="68.353" classname="Action.Dragndrop"/>
</testsuite> <!-- Action.Dragndrop -->
