<?xml version="1.0" encoding="UTF-8"?>
<!-- Generated by org.testng.reporters.JUnitReportReporter -->
<testsuite skipped="0" hostname="DDC5-D-608P3M4" name="Webscrap.TestMeScrap" tests="1" failures="0" timestamp="05 Aug 2019 09:18:22 GMT" time="29.173" errors="0">
  <testcase name="frames" time="29.173" classname="Webscrap.TestMeScrap"/>
</testsuite> <!-- Webscrap.TestMeScrap -->
