<?xml version="1.0" encoding="UTF-8"?>
<!-- Generated by org.testng.reporters.JUnitReportReporter -->
<testsuite skipped="0" hostname="DDC5-D-608P3M4" name="Action.Keyboard" tests="1" failures="0" timestamp="02 Aug 2019 11:33:37 GMT" time="27.577" errors="0">
  <testcase name="f" time="27.577" classname="Action.Keyboard"/>
</testsuite> <!-- Action.Keyboard -->
